0 info it worked if it ends with ok
1 verbose cli [ '/home/sjames/n/bin/node', '/home/sjames/n/bin/npm', 'start' ]
2 info using npm@2.14.7
3 info using node@v4.2.2
4 verbose stack Error: missing script: start
4 verbose stack     at run (/home/sjames/n/lib/node_modules/npm/lib/run-script.js:142:19)
4 verbose stack     at /home/sjames/n/lib/node_modules/npm/lib/run-script.js:58:5
4 verbose stack     at /home/sjames/n/lib/node_modules/npm/node_modules/read-package-json/read-json.js:345:5
4 verbose stack     at checkBinReferences_ (/home/sjames/n/lib/node_modules/npm/node_modules/read-package-json/read-json.js:309:45)
4 verbose stack     at final (/home/sjames/n/lib/node_modules/npm/node_modules/read-package-json/read-json.js:343:3)
4 verbose stack     at then (/home/sjames/n/lib/node_modules/npm/node_modules/read-package-json/read-json.js:113:5)
4 verbose stack     at /home/sjames/n/lib/node_modules/npm/node_modules/read-package-json/read-json.js:300:12
4 verbose stack     at /home/sjames/n/lib/node_modules/npm/node_modules/graceful-fs/graceful-fs.js:76:16
4 verbose stack     at FSReqWrap.readFileAfterClose [as oncomplete] (fs.js:380:3)
5 verbose cwd /home/sjames/Development/react/react-skeleton
6 error Linux 3.19.0-42-generic
7 error argv "/home/sjames/n/bin/node" "/home/sjames/n/bin/npm" "start"
8 error node v4.2.2
9 error npm  v2.14.7
10 error missing script: start
11 error If you need help, you may report this error at:
11 error     <https://github.com/npm/npm/issues>
12 verbose exit [ 1, true ]
